<?xml version="1.0" encoding="UTF-8"?>
<!-- Generated by org.testng.reporters.JUnitReportReporter -->
<testsuite skipped="0" hostname="Swara" name="com.saucedemo.testsuite.LoginPageTest" tests="1" failures="0" timestamp="2023-05-07T11:34:26 BST" time="6.590" errors="0">
  <testcase name="userShouldLoginSuccessfullyWithValidCredentials" time="6.590" classname="com.saucedemo.testsuite.LoginPageTest"/>
  <system-out>
    <![CDATA[Enter username standard_user to username field [[ChromeDriver: chrome on WINDOWS (f49101c8123e261a8f67fa61c314c3e5)] -> id: user-name]
Enter password secret_sauce to password field [[ChromeDriver: chrome on WINDOWS (f49101c8123e261a8f67fa61c314c3e5)] -> id: password]
Clicking on Login Button [[ChromeDriver: chrome on WINDOWS (f49101c8123e261a8f67fa61c314c3e5)] -> id: login-button]
Get text from product title]]>
  </system-out>
</testsuite> <!-- com.saucedemo.testsuite.LoginPageTest -->
